100  99
0  12
1  5
2  29
3  80
4  12
5  80
5  54
5  95
5  52
5  16
5  85
5  58
5  97
5  63
6  26
7  96
8  26
9  18
10  41
11  41
12  29
12  14
12  23
12  93
12  39
12  88
12  15
12  90
13  55
17  55
18  80
18  78
18  71
18  30
18  24
18  42
18  37
18  76
18  28
19  80
20  26
21  80
22  98
25  29
26  29
26  87
26  35
26  46
26  66
26  44
26  53
27  41
29  80
29  91
29  49
29  86
29  55
29  41
31  96
32  47
33  47
34  55
36  98
38  98
40  55
41  61
41  70
41  81
41  82
41  75
41  67
43  98
45  96
47  80
47  56
47  65
47  60
47  64
47  96
47  98
47  62
48  55
50  96
51  96
55  68
55  77
55  59
55  79
57  96
69  96
72  98
73  96
74  98
80  94
80  92
83  96
84  98
89  98
98  99
100  99
0  30
1  67
2  36
3  30
4  20
5  81
6  81
7  67
8  67
9  82
9  57
9  41
9  74
9  50
9  59
9  79
9  72
9  52
9  58
10  13
11  36
12  51
13  82
13  97
13  32
13  14
13  22
13  64
13  31
13  28
13  23
15  51
16  36
17  67
18  60
19  69
20  36
20  46
20  96
20  99
20  25
20  83
20  26
20  66
20  75
21  60
24  69
27  60
29  82
30  36
30  53
30  45
30  35
30  56
30  33
30  34
30  61
36  82
36  92
36  62
36  48
36  54
37  67
38  81
39  81
40  82
42  51
43  67
44  60
47  60
49  69
51  69
51  94
51  78
51  68
51  95
51  73
51  77
55  81
60  69
60  89
60  65
60  86
60  91
63  81
67  69
67  87
67  70
67  88
69  82
69  80
69  84
69  81
71  82
76  81
81  98
81  85
82  90
82  93
100  99
0  88
0  80
0  16
0  69
0  43
0  32
0  52
0  9
0  17
1  81
2  88
3  62
4  44
5  79
6  70
7  79
8  22
10  48
11  62
12  22
13  70
14  79
15  22
18  58
19  48
20  70
21  36
22  48
22  51
22  68
22  35
22  81
23  88
24  81
25  70
26  39
27  70
28  36
29  88
30  48
31  39
33  73
34  36
36  81
36  59
36  83
36  38
36  92
37  67
39  88
39  89
40  70
41  48
42  63
44  48
44  58
45  81
46  58
47  81
48  57
48  79
48  88
49  88
50  63
53  63
54  67
55  73
56  62
58  66
58  73
60  70
61  67
62  79
62  98
63  88
63  64
63  74
63  97
63  72
65  81
67  79
67  96
67  75
67  87
67  78
67  82
67  86
70  88
70  77
70  90
71  73
76  81
79  95
79  85
81  84
81  99
81  91
88  94
88  93
100  99
0  57
1  9
2  10
3  83
4  96
5  16
6  83
7  10
8  57
9  16
9  76
9  73
9  93
9  80
9  90
9  35
9  11
10  35
10  68
10  64
10  58
10  20
10  87
10  66
11  71
11  32
11  56
11  98
11  28
11  83
11  69
11  95
11  23
11  43
12  79
13  34
14  57
15  96
16  84
16  62
16  45
17  45
18  79
19  96
21  35
22  29
24  35
25  45
25  65
25  52
25  39
25  57
25  79
26  35
27  57
29  35
29  92
29  33
29  74
30  96
31  90
31  44
31  97
31  49
31  37
31  41
31  61
31  51
31  86
34  80
34  75
34  72
35  36
35  77
35  89
35  96
38  57
40  45
42  57
45  47
45  54
45  63
45  59
45  82
45  55
46  96
48  79
50  79
53  79
57  60
67  96
70  83
78  83
79  91
80  99
81  90
85  90
88  96
94  96
100  99
0  24
1  7
2  91
3  99
4  64
5  27
6  72
7  91
7  76
7  79
8  79
8  93
8  12
8  85
8  29
8  87
8  58
8  15
8  88
9  24
10  30
10  19
10  70
10  13
10  45
10  61
10  48
11  64
14  99
16  31
17  24
18  30
20  30
20  57
20  25
20  92
21  24
22  68
23  72
24  68
24  44
24  95
24  39
24  82
24  51
26  67
27  99
27  35
27  91
28  72
30  67
30  63
30  65
30  94
30  32
30  78
30  34
30  59
31  64
31  49
31  97
31  71
31  43
31  86
31  41
31  80
33  68
36  79
37  68
38  72
40  72
42  91
46  91
47  68
47  81
47  75
47  77
47  72
50  91
52  79
53  72
54  91
55  72
56  64
60  67
62  67
64  68
66  91
67  91
67  73
67  69
68  91
68  98
68  90
72  96
72  74
72  83
79  89
84  91
